This file contains any messages produced by compilers while
running configure, to aid debugging if configure makes a mistake.

It was created by cmockery configure 0.11, which was
generated by GNU Autoconf 2.59.  Invocation command line was

  $ ./configure 

## --------- ##
## Platform. ##
## --------- ##

hostname = chan
uname -m = x86_64
uname -r = 3.10.0-514.26.2.el7.x86_64
uname -s = Linux
uname -v = #1 SMP Tue Jul 4 15:04:05 UTC 2017

/usr/bin/uname -p = x86_64
/bin/uname -X     = unknown

/bin/arch              = x86_64
/usr/bin/arch -k       = unknown
/usr/convex/getsysinfo = unknown
hostinfo               = unknown
/bin/machine           = unknown
/usr/bin/oslevel       = unknown
/bin/universe          = unknown

PATH: /usr/local/bin
PATH: /usr/bin
PATH: /usr/local/sbin
PATH: /usr/sbin
PATH: /usr/chan/.local/bin
PATH: /usr/chan/bin


## ----------- ##
## Core tests. ##
## ----------- ##

configure:1558: checking for a BSD-compatible install
configure:1613: result: /usr/bin/install -c
configure:1624: checking whether build environment is sane
configure:1667: result: yes
configure:1732: checking for gawk
configure:1748: found /usr/bin/gawk
configure:1758: result: gawk
configure:1768: checking whether make sets $(MAKE)
configure:1788: result: yes
configure:2006: checking for gcc
configure:2022: found /usr/bin/gcc
configure:2032: result: gcc
configure:2276: checking for C compiler version
configure:2279: gcc --version </dev/null >&5
gcc (GCC) 4.8.5 20150623 (Red Hat 4.8.5-28)
Copyright (C) 2015 Free Software Foundation, Inc.
This is free software; see the source for copying conditions.  There is NO
warranty; not even for MERCHANTABILITY or FITNESS FOR A PARTICULAR PURPOSE.

configure:2282: $? = 0
configure:2284: gcc -v </dev/null >&5
Using built-in specs.
COLLECT_GCC=gcc
COLLECT_LTO_WRAPPER=/usr/libexec/gcc/x86_64-redhat-linux/4.8.5/lto-wrapper
Target: x86_64-redhat-linux
Configured with: ../configure --prefix=/usr --mandir=/usr/share/man --infodir=/usr/share/info --with-bugurl=http://bugzilla.redhat.com/bugzilla --enable-bootstrap --enable-shared --enable-threads=posix --enable-checking=release --with-system-zlib --enable-__cxa_atexit --disable-libunwind-exceptions --enable-gnu-unique-object --enable-linker-build-id --with-linker-hash-style=gnu --enable-languages=c,c++,objc,obj-c++,java,fortran,ada,go,lto --enable-plugin --enable-initfini-array --disable-libgcj --with-isl=/builddir/build/BUILD/gcc-4.8.5-20150702/obj-x86_64-redhat-linux/isl-install --with-cloog=/builddir/build/BUILD/gcc-4.8.5-20150702/obj-x86_64-redhat-linux/cloog-install --enable-gnu-indirect-function --with-tune=generic --with-arch_32=x86-64 --build=x86_64-redhat-linux
Thread model: posix
gcc version 4.8.5 20150623 (Red Hat 4.8.5-28) (GCC) 
configure:2287: $? = 0
configure:2289: gcc -V </dev/null >&5
gcc: error: unrecognized command line option '-V'
gcc: fatal error: no input files
compilation terminated.
configure:2292: $? = 4
configure:2315: checking for C compiler default output file name
configure:2318: gcc    conftest.c  >&5
configure:2321: $? = 0
configure:2367: result: a.out
configure:2372: checking whether the C compiler works
configure:2378: ./a.out
configure:2381: $? = 0
configure:2398: result: yes
configure:2405: checking whether we are cross compiling
configure:2407: result: no
configure:2410: checking for suffix of executables
configure:2412: gcc -o conftest    conftest.c  >&5
configure:2415: $? = 0
configure:2440: result: 
configure:2446: checking for suffix of object files
configure:2467: gcc -c   conftest.c >&5
configure:2470: $? = 0
configure:2492: result: o
configure:2496: checking whether we are using the GNU C compiler
configure:2520: gcc -c   conftest.c >&5
configure:2526: $? = 0
configure:2529: test -z 			 || test ! -s conftest.err
configure:2532: $? = 0
configure:2535: test -s conftest.o
configure:2538: $? = 0
configure:2551: result: yes
configure:2557: checking whether gcc accepts -g
configure:2578: gcc -c -g  conftest.c >&5
configure:2584: $? = 0
configure:2587: test -z 			 || test ! -s conftest.err
configure:2590: $? = 0
configure:2593: test -s conftest.o
configure:2596: $? = 0
configure:2607: result: yes
configure:2624: checking for gcc option to accept ANSI C
configure:2694: gcc  -c -g -O2  conftest.c >&5
configure:2700: $? = 0
configure:2703: test -z 			 || test ! -s conftest.err
configure:2706: $? = 0
configure:2709: test -s conftest.o
configure:2712: $? = 0
configure:2730: result: none needed
configure:2748: gcc -c -g -O2  conftest.c >&5
conftest.c:2:3: error: unknown type name 'choke'
   choke me
   ^
conftest.c:2:3: error: expected '=', ',', ';', 'asm' or '__attribute__' at end of input
configure:2754: $? = 1
configure: failed program was:
| #ifndef __cplusplus
|   choke me
| #endif
configure:2895: checking for style of include used by make
configure:2923: result: GNU
configure:2951: checking dependency style of gcc
configure:3041: result: gcc3
configure:3063: checking how to run the C preprocessor
configure:3098: gcc -E  conftest.c
configure:3104: $? = 0
configure:3136: gcc -E  conftest.c
conftest.c:11:28: fatal error: ac_nonexistent.h: No such file or directory
 #include <ac_nonexistent.h>
                            ^
compilation terminated.
configure:3142: $? = 1
configure: failed program was:
| /* confdefs.h.  */
| 
| #define PACKAGE_NAME "cmockery"
| #define PACKAGE_TARNAME "cmockery"
| #define PACKAGE_VERSION "0.11"
| #define PACKAGE_STRING "cmockery 0.11"
| #define PACKAGE_BUGREPORT "opensource@google.com"
| #define PACKAGE "cmockery"
| #define VERSION "0.11"
| /* end confdefs.h.  */
| #include <ac_nonexistent.h>
configure:3181: result: gcc -E
configure:3205: gcc -E  conftest.c
configure:3211: $? = 0
configure:3243: gcc -E  conftest.c
conftest.c:11:28: fatal error: ac_nonexistent.h: No such file or directory
 #include <ac_nonexistent.h>
                            ^
compilation terminated.
configure:3249: $? = 1
configure: failed program was:
| /* confdefs.h.  */
| 
| #define PACKAGE_NAME "cmockery"
| #define PACKAGE_TARNAME "cmockery"
| #define PACKAGE_VERSION "0.11"
| #define PACKAGE_STRING "cmockery 0.11"
| #define PACKAGE_BUGREPORT "opensource@google.com"
| #define PACKAGE "cmockery"
| #define VERSION "0.11"
| /* end confdefs.h.  */
| #include <ac_nonexistent.h>
configure:3344: checking for g++
configure:3360: found /usr/bin/g++
configure:3370: result: g++
configure:3386: checking for C++ compiler version
configure:3389: g++ --version </dev/null >&5
g++ (GCC) 4.8.5 20150623 (Red Hat 4.8.5-28)
Copyright (C) 2015 Free Software Foundation, Inc.
This is free software; see the source for copying conditions.  There is NO
warranty; not even for MERCHANTABILITY or FITNESS FOR A PARTICULAR PURPOSE.

configure:3392: $? = 0
configure:3394: g++ -v </dev/null >&5
Using built-in specs.
COLLECT_GCC=g++
COLLECT_LTO_WRAPPER=/usr/libexec/gcc/x86_64-redhat-linux/4.8.5/lto-wrapper
Target: x86_64-redhat-linux
Configured with: ../configure --prefix=/usr --mandir=/usr/share/man --infodir=/usr/share/info --with-bugurl=http://bugzilla.redhat.com/bugzilla --enable-bootstrap --enable-shared --enable-threads=posix --enable-checking=release --with-system-zlib --enable-__cxa_atexit --disable-libunwind-exceptions --enable-gnu-unique-object --enable-linker-build-id --with-linker-hash-style=gnu --enable-languages=c,c++,objc,obj-c++,java,fortran,ada,go,lto --enable-plugin --enable-initfini-array --disable-libgcj --with-isl=/builddir/build/BUILD/gcc-4.8.5-20150702/obj-x86_64-redhat-linux/isl-install --with-cloog=/builddir/build/BUILD/gcc-4.8.5-20150702/obj-x86_64-redhat-linux/cloog-install --enable-gnu-indirect-function --with-tune=generic --with-arch_32=x86-64 --build=x86_64-redhat-linux
Thread model: posix
gcc version 4.8.5 20150623 (Red Hat 4.8.5-28) (GCC) 
configure:3397: $? = 0
configure:3399: g++ -V </dev/null >&5
g++: error: unrecognized command line option '-V'
g++: fatal error: no input files
compilation terminated.
configure:3402: $? = 4
configure:3405: checking whether we are using the GNU C++ compiler
configure:3429: g++ -c   conftest.cc >&5
configure:3435: $? = 0
configure:3438: test -z 			 || test ! -s conftest.err
configure:3441: $? = 0
configure:3444: test -s conftest.o
configure:3447: $? = 0
configure:3460: result: yes
configure:3466: checking whether g++ accepts -g
configure:3487: g++ -c -g  conftest.cc >&5
configure:3493: $? = 0
configure:3496: test -z 			 || test ! -s conftest.err
configure:3499: $? = 0
configure:3502: test -s conftest.o
configure:3505: $? = 0
configure:3516: result: yes
configure:3558: g++ -c -g -O2  conftest.cc >&5
configure:3564: $? = 0
configure:3567: test -z 			 || test ! -s conftest.err
configure:3570: $? = 0
configure:3573: test -s conftest.o
configure:3576: $? = 0
configure:3602: g++ -c -g -O2  conftest.cc >&5
conftest.cc: In function 'int main()':
conftest.cc:15:9: error: 'exit' was not declared in this scope
 exit (42);
         ^
configure:3608: $? = 1
configure: failed program was:
| /* confdefs.h.  */
| 
| #define PACKAGE_NAME "cmockery"
| #define PACKAGE_TARNAME "cmockery"
| #define PACKAGE_VERSION "0.11"
| #define PACKAGE_STRING "cmockery 0.11"
| #define PACKAGE_BUGREPORT "opensource@google.com"
| #define PACKAGE "cmockery"
| #define VERSION "0.11"
| /* end confdefs.h.  */
| 
| int
| main ()
| {
| exit (42);
|   ;
|   return 0;
| }
configure:3558: g++ -c -g -O2  conftest.cc >&5
conftest.cc:11:40: error: 'void std::exit(int)' should have been declared inside 'std'
 extern "C" void std::exit (int) throw (); using std::exit;
                                        ^
configure:3564: $? = 1
configure: failed program was:
| /* confdefs.h.  */
| 
| #define PACKAGE_NAME "cmockery"
| #define PACKAGE_TARNAME "cmockery"
| #define PACKAGE_VERSION "0.11"
| #define PACKAGE_STRING "cmockery 0.11"
| #define PACKAGE_BUGREPORT "opensource@google.com"
| #define PACKAGE "cmockery"
| #define VERSION "0.11"
| /* end confdefs.h.  */
| extern "C" void std::exit (int) throw (); using std::exit;
| #include <stdlib.h>
| int
| main ()
| {
| exit (42);
|   ;
|   return 0;
| }
configure:3558: g++ -c -g -O2  conftest.cc >&5
conftest.cc:11:31: error: 'void std::exit(int)' should have been declared inside 'std'
 extern "C" void std::exit (int); using std::exit;
                               ^
In file included from conftest.cc:12:0:
/usr/include/stdlib.h:542:70: error: declaration of 'void std::exit(int) throw ()' has a different exception specifier
 extern void exit (int __status) __THROW __attribute__ ((__noreturn__));
                                                                      ^
conftest.cc:11:17: error: from previous declaration 'void std::exit(int)'
 extern "C" void std::exit (int); using std::exit;
                 ^
configure:3564: $? = 1
configure: failed program was:
| /* confdefs.h.  */
| 
| #define PACKAGE_NAME "cmockery"
| #define PACKAGE_TARNAME "cmockery"
| #define PACKAGE_VERSION "0.11"
| #define PACKAGE_STRING "cmockery 0.11"
| #define PACKAGE_BUGREPORT "opensource@google.com"
| #define PACKAGE "cmockery"
| #define VERSION "0.11"
| /* end confdefs.h.  */
| extern "C" void std::exit (int); using std::exit;
| #include <stdlib.h>
| int
| main ()
| {
| exit (42);
|   ;
|   return 0;
| }
configure:3558: g++ -c -g -O2  conftest.cc >&5
configure:3564: $? = 0
configure:3567: test -z 			 || test ! -s conftest.err
configure:3570: $? = 0
configure:3573: test -s conftest.o
configure:3576: $? = 0
configure:3602: g++ -c -g -O2  conftest.cc >&5
configure:3608: $? = 0
configure:3611: test -z 			 || test ! -s conftest.err
configure:3614: $? = 0
configure:3617: test -s conftest.o
configure:3620: $? = 0
configure:3645: checking dependency style of g++
configure:3735: result: gcc3
configure:3842: checking build system type
configure:3860: result: x86_64-unknown-linux-gnu
configure:3868: checking host system type
configure:3882: result: x86_64-unknown-linux-gnu
configure:3890: checking for a sed that does not truncate output
configure:3944: result: /usr/bin/sed
configure:3947: checking for egrep
configure:3957: result: grep -E
configure:3973: checking for ld used by gcc
configure:4040: result: /usr/bin/ld
configure:4049: checking if the linker (/usr/bin/ld) is GNU ld
configure:4064: result: yes
configure:4069: checking for /usr/bin/ld option to reload object files
configure:4076: result: -r
configure:4094: checking for BSD-compatible nm
configure:4143: result: /usr/bin/nm -B
configure:4147: checking whether ln -s works
configure:4151: result: yes
configure:4158: checking how to recognise dependent libraries
configure:4334: result: pass_all
configure:4422: gcc -c -g -O2  conftest.c >&5
configure:4425: $? = 0
configure:4566: checking for ANSI C header files
configure:4591: gcc -c -g -O2  conftest.c >&5
configure:4597: $? = 0
configure:4600: test -z 			 || test ! -s conftest.err
configure:4603: $? = 0
configure:4606: test -s conftest.o
configure:4609: $? = 0
configure:4698: gcc -o conftest -g -O2   conftest.c  >&5
conftest.c: In function 'main':
conftest.c:31:7: warning: incompatible implicit declaration of built-in function 'exit' [enabled by default]
       exit(2);
       ^
configure:4701: $? = 0
configure:4703: ./conftest
configure:4706: $? = 0
configure:4721: result: yes
configure:4745: checking for sys/types.h
configure:4761: gcc -c -g -O2  conftest.c >&5
configure:4767: $? = 0
configure:4770: test -z 			 || test ! -s conftest.err
configure:4773: $? = 0
configure:4776: test -s conftest.o
configure:4779: $? = 0
configure:4790: result: yes
configure:4745: checking for sys/stat.h
configure:4761: gcc -c -g -O2  conftest.c >&5
configure:4767: $? = 0
configure:4770: test -z 			 || test ! -s conftest.err
configure:4773: $? = 0
configure:4776: test -s conftest.o
configure:4779: $? = 0
configure:4790: result: yes
configure:4745: checking for stdlib.h
configure:4761: gcc -c -g -O2  conftest.c >&5
configure:4767: $? = 0
configure:4770: test -z 			 || test ! -s conftest.err
configure:4773: $? = 0
configure:4776: test -s conftest.o
configure:4779: $? = 0
configure:4790: result: yes
configure:4745: checking for string.h
configure:4761: gcc -c -g -O2  conftest.c >&5
configure:4767: $? = 0
configure:4770: test -z 			 || test ! -s conftest.err
configure:4773: $? = 0
configure:4776: test -s conftest.o
configure:4779: $? = 0
configure:4790: result: yes
configure:4745: checking for memory.h
configure:4761: gcc -c -g -O2  conftest.c >&5
configure:4767: $? = 0
configure:4770: test -z 			 || test ! -s conftest.err
configure:4773: $? = 0
configure:4776: test -s conftest.o
configure:4779: $? = 0
configure:4790: result: yes
configure:4745: checking for strings.h
configure:4761: gcc -c -g -O2  conftest.c >&5
configure:4767: $? = 0
configure:4770: test -z 			 || test ! -s conftest.err
configure:4773: $? = 0
configure:4776: test -s conftest.o
configure:4779: $? = 0
configure:4790: result: yes
configure:4745: checking for inttypes.h
configure:4761: gcc -c -g -O2  conftest.c >&5
configure:4767: $? = 0
configure:4770: test -z 			 || test ! -s conftest.err
configure:4773: $? = 0
configure:4776: test -s conftest.o
configure:4779: $? = 0
configure:4790: result: yes
configure:4745: checking for stdint.h
configure:4761: gcc -c -g -O2  conftest.c >&5
configure:4767: $? = 0
configure:4770: test -z 			 || test ! -s conftest.err
configure:4773: $? = 0
configure:4776: test -s conftest.o
configure:4779: $? = 0
configure:4790: result: yes
configure:4745: checking for unistd.h
configure:4761: gcc -c -g -O2  conftest.c >&5
configure:4767: $? = 0
configure:4770: test -z 			 || test ! -s conftest.err
configure:4773: $? = 0
configure:4776: test -s conftest.o
configure:4779: $? = 0
configure:4790: result: yes
configure:4816: checking dlfcn.h usability
configure:4828: gcc -c -g -O2  conftest.c >&5
configure:4834: $? = 0
configure:4837: test -z 			 || test ! -s conftest.err
configure:4840: $? = 0
configure:4843: test -s conftest.o
configure:4846: $? = 0
configure:4856: result: yes
configure:4860: checking dlfcn.h presence
configure:4870: gcc -E  conftest.c
configure:4876: $? = 0
configure:4896: result: yes
configure:4931: checking for dlfcn.h
configure:4938: result: yes
configure:4961: checking how to run the C++ preprocessor
configure:4992: g++ -E  conftest.cc
configure:4998: $? = 0
configure:5030: g++ -E  conftest.cc
conftest.cc:25:28: fatal error: ac_nonexistent.h: No such file or directory
 #include <ac_nonexistent.h>
                            ^
compilation terminated.
configure:5036: $? = 1
configure: failed program was:
| /* confdefs.h.  */
| 
| #define PACKAGE_NAME "cmockery"
| #define PACKAGE_TARNAME "cmockery"
| #define PACKAGE_VERSION "0.11"
| #define PACKAGE_STRING "cmockery 0.11"
| #define PACKAGE_BUGREPORT "opensource@google.com"
| #define PACKAGE "cmockery"
| #define VERSION "0.11"
| #ifdef __cplusplus
| extern "C" void exit (int) throw ();
| #endif
| #define STDC_HEADERS 1
| #define HAVE_SYS_TYPES_H 1
| #define HAVE_SYS_STAT_H 1
| #define HAVE_STDLIB_H 1
| #define HAVE_STRING_H 1
| #define HAVE_MEMORY_H 1
| #define HAVE_STRINGS_H 1
| #define HAVE_INTTYPES_H 1
| #define HAVE_STDINT_H 1
| #define HAVE_UNISTD_H 1
| #define HAVE_DLFCN_H 1
| /* end confdefs.h.  */
| #include <ac_nonexistent.h>
configure:5075: result: g++ -E
configure:5099: g++ -E  conftest.cc
configure:5105: $? = 0
configure:5137: g++ -E  conftest.cc
conftest.cc:25:28: fatal error: ac_nonexistent.h: No such file or directory
 #include <ac_nonexistent.h>
                            ^
compilation terminated.
configure:5143: $? = 1
configure: failed program was:
| /* confdefs.h.  */
| 
| #define PACKAGE_NAME "cmockery"
| #define PACKAGE_TARNAME "cmockery"
| #define PACKAGE_VERSION "0.11"
| #define PACKAGE_STRING "cmockery 0.11"
| #define PACKAGE_BUGREPORT "opensource@google.com"
| #define PACKAGE "cmockery"
| #define VERSION "0.11"
| #ifdef __cplusplus
| extern "C" void exit (int) throw ();
| #endif
| #define STDC_HEADERS 1
| #define HAVE_SYS_TYPES_H 1
| #define HAVE_SYS_STAT_H 1
| #define HAVE_STDLIB_H 1
| #define HAVE_STRING_H 1
| #define HAVE_MEMORY_H 1
| #define HAVE_STRINGS_H 1
| #define HAVE_INTTYPES_H 1
| #define HAVE_STDINT_H 1
| #define HAVE_UNISTD_H 1
| #define HAVE_DLFCN_H 1
| /* end confdefs.h.  */
| #include <ac_nonexistent.h>
configure:5240: checking for g77
configure:5269: result: no
configure:5240: checking for f77
configure:5269: result: no
configure:5240: checking for xlf
configure:5269: result: no
configure:5240: checking for frt
configure:5269: result: no
configure:5240: checking for pgf77
configure:5269: result: no
configure:5240: checking for fort77
configure:5269: result: no
configure:5240: checking for fl32
configure:5269: result: no
configure:5240: checking for af77
configure:5269: result: no
configure:5240: checking for f90
configure:5269: result: no
configure:5240: checking for xlf90
configure:5269: result: no
configure:5240: checking for pgf90
configure:5269: result: no
configure:5240: checking for epcf90
configure:5269: result: no
configure:5240: checking for f95
configure:5269: result: no
configure:5240: checking for fort
configure:5269: result: no
configure:5240: checking for xlf95
configure:5269: result: no
configure:5240: checking for ifc
configure:5269: result: no
configure:5240: checking for efc
configure:5269: result: no
configure:5240: checking for pgf95
configure:5269: result: no
configure:5240: checking for lf95
configure:5269: result: no
configure:5240: checking for gfortran
configure:5269: result: no
configure:5281: checking for Fortran 77 compiler version
configure:5284:  --version </dev/null >&5
./configure: line 5285: --version: command not found
configure:5287: $? = 127
configure:5289:  -v </dev/null >&5
./configure: line 5290: -v: command not found
configure:5292: $? = 127
configure:5294:  -V </dev/null >&5
./configure: line 5295: -V: command not found
configure:5297: $? = 127
configure:5305: checking whether we are using the GNU Fortran 77 compiler
configure:5319:  -c  conftest.F >&5
./configure: line 5320: -c: command not found
configure:5325: $? = 127
configure: failed program was:
|       program main
| #ifndef __GNUC__
|        choke me
| #endif
| 
|       end
configure:5350: result: no
configure:5356: checking whether  accepts -g
configure:5368:  -c -g conftest.f >&5
./configure: line 5369: -c: command not found
configure:5374: $? = 127
configure: failed program was:
|       program main
| 
|       end
configure:5398: result: no
configure:5428: checking the maximum length of command line arguments
configure:5537: result: 32768
configure:5548: checking command to parse /usr/bin/nm -B output from gcc object
configure:5653: gcc -c -g -O2  conftest.c >&5
configure:5656: $? = 0
configure:5660: /usr/bin/nm -B conftest.o \| sed -n -e 's/^.*[ 	]\([ABCDGIRSTW][ABCDGIRSTW]*\)[ 	][ 	]*\([_A-Za-z][_A-Za-z0-9]*\)$/\1 \2 \2/p' \> conftest.nm
configure:5663: $? = 0
configure:5715: gcc -o conftest -g -O2   conftest.c conftstm.o >&5
configure:5718: $? = 0
configure:5756: result: ok
configure:5760: checking for objdir
configure:5775: result: .libs
configure:5865: checking for ar
configure:5881: found /usr/bin/ar
configure:5892: result: ar
configure:5945: checking for ranlib
configure:5961: found /usr/bin/ranlib
configure:5972: result: ranlib
configure:6025: checking for strip
configure:6041: found /usr/bin/strip
configure:6052: result: strip
configure:6324: checking if gcc supports -fno-rtti -fno-exceptions
configure:6342: gcc -c -g -O2  -fno-rtti -fno-exceptions conftest.c >&5
cc1: warning: command line option '-fno-rtti' is valid for C++/ObjC++ but not for C [enabled by default]
configure:6346: $? = 0
configure:6359: result: no
configure:6374: checking for gcc option to produce PIC
configure:6584: result: -fPIC
configure:6592: checking if gcc PIC flag -fPIC works
configure:6610: gcc -c -g -O2  -fPIC -DPIC conftest.c >&5
configure:6614: $? = 0
configure:6627: result: yes
configure:6655: checking if gcc static flag -static works
configure:6683: result: no
configure:6693: checking if gcc supports -c -o file.o
configure:6714: gcc -c -g -O2  -o out/conftest2.o conftest.c >&5
configure:6718: $? = 0
configure:6740: result: yes
configure:6766: checking whether the gcc linker (/usr/bin/ld -m elf_x86_64) supports shared libraries
configure:7732: result: yes
configure:7753: checking whether -lc should be explicitly linked in
configure:7758: gcc -c -g -O2  conftest.c >&5
configure:7761: $? = 0
configure:7776: gcc -shared conftest.o  -v -Wl,-soname -Wl,conftest -o conftest 2\>\&1 \| grep  -lc  \>/dev/null 2\>\&1
configure:7779: $? = 0
configure:7791: result: no
configure:7799: checking dynamic linker characteristics
configure:8399: result: GNU/Linux ld.so
configure:8408: checking how to hardcode library paths into programs
configure:8433: result: immediate
configure:8447: checking whether stripping libraries is possible
configure:8452: result: yes
configure:9279: checking if libtool supports shared libraries
configure:9281: result: yes
configure:9284: checking whether to build shared libraries
configure:9305: result: yes
configure:9308: checking whether to build static libraries
configure:9312: result: yes
configure:9404: creating libtool
configure:9992: checking for ld used by g++
configure:10059: result: /usr/bin/ld -m elf_x86_64
configure:10068: checking if the linker (/usr/bin/ld -m elf_x86_64) is GNU ld
configure:10083: result: yes
configure:10134: checking whether the g++ linker (/usr/bin/ld -m elf_x86_64) supports shared libraries
configure:11070: result: yes
configure:11088: g++ -c -g -O2  conftest.cpp >&5
configure:11091: $? = 0
configure:11210: checking for g++ option to produce PIC
configure:11484: result: -fPIC
configure:11492: checking if g++ PIC flag -fPIC works
configure:11510: g++ -c -g -O2  -fPIC -DPIC conftest.cpp >&5
configure:11514: $? = 0
configure:11527: result: yes
configure:11555: checking if g++ static flag -static works
configure:11583: result: no
configure:11593: checking if g++ supports -c -o file.o
configure:11614: g++ -c -g -O2  -o out/conftest2.o conftest.cpp >&5
configure:11618: $? = 0
configure:11640: result: yes
configure:11666: checking whether the g++ linker (/usr/bin/ld -m elf_x86_64) supports shared libraries
configure:11697: result: yes
configure:11764: checking dynamic linker characteristics
configure:12364: result: GNU/Linux ld.so
configure:12373: checking how to hardcode library paths into programs
configure:12398: result: immediate
configure:18591: checking for ANSI C header files
configure:18746: result: yes
configure:18764: checking for setjmp
configure:18821: gcc -o conftest -g -O2   conftest.c  >&5
configure:18827: $? = 0
configure:18830: test -z 			 || test ! -s conftest.err
configure:18833: $? = 0
configure:18836: test -s conftest
configure:18839: $? = 0
configure:18851: result: yes
configure:18865: checking for longjmp
configure:18922: gcc -o conftest -g -O2   conftest.c  >&5
configure:18928: $? = 0
configure:18931: test -z 			 || test ! -s conftest.err
configure:18934: $? = 0
configure:18937: test -s conftest
configure:18940: $? = 0
configure:18952: result: yes
configure:18966: checking for strcmp
configure:19023: gcc -o conftest -g -O2   conftest.c  >&5
conftest.c:52:6: warning: conflicting types for built-in function 'strcmp' [enabled by default]
 char strcmp ();
      ^
configure:19029: $? = 0
configure:19032: test -z 			 || test ! -s conftest.err
configure:19035: $? = 0
configure:19038: test -s conftest
configure:19041: $? = 0
configure:19053: result: yes
configure:19067: checking for strcpy
configure:19124: gcc -o conftest -g -O2   conftest.c  >&5
conftest.c:53:6: warning: conflicting types for built-in function 'strcpy' [enabled by default]
 char strcpy ();
      ^
configure:19130: $? = 0
configure:19133: test -z 			 || test ! -s conftest.err
configure:19136: $? = 0
configure:19139: test -s conftest
configure:19142: $? = 0
configure:19154: result: yes
configure:19168: checking for memcpy
configure:19225: gcc -o conftest -g -O2   conftest.c  >&5
conftest.c:54:6: warning: conflicting types for built-in function 'memcpy' [enabled by default]
 char memcpy ();
      ^
configure:19231: $? = 0
configure:19234: test -z 			 || test ! -s conftest.err
configure:19237: $? = 0
configure:19240: test -s conftest
configure:19243: $? = 0
configure:19255: result: yes
configure:19269: checking for memset
configure:19326: gcc -o conftest -g -O2   conftest.c  >&5
conftest.c:55:6: warning: conflicting types for built-in function 'memset' [enabled by default]
 char memset ();
      ^
configure:19332: $? = 0
configure:19335: test -z 			 || test ! -s conftest.err
configure:19338: $? = 0
configure:19341: test -s conftest
configure:19344: $? = 0
configure:19356: result: yes
configure:19370: checking for malloc
configure:19427: gcc -o conftest -g -O2   conftest.c  >&5
conftest.c:56:6: warning: conflicting types for built-in function 'malloc' [enabled by default]
 char malloc ();
      ^
configure:19433: $? = 0
configure:19436: test -z 			 || test ! -s conftest.err
configure:19439: $? = 0
configure:19442: test -s conftest
configure:19445: $? = 0
configure:19457: result: yes
configure:19471: checking for calloc
configure:19528: gcc -o conftest -g -O2   conftest.c  >&5
conftest.c:57:6: warning: conflicting types for built-in function 'calloc' [enabled by default]
 char calloc ();
      ^
configure:19534: $? = 0
configure:19537: test -z 			 || test ! -s conftest.err
configure:19540: $? = 0
configure:19543: test -s conftest
configure:19546: $? = 0
configure:19558: result: yes
configure:19572: checking for free
configure:19629: gcc -o conftest -g -O2   conftest.c  >&5
conftest.c:58:6: warning: conflicting types for built-in function 'free' [enabled by default]
 char free ();
      ^
configure:19635: $? = 0
configure:19638: test -z 			 || test ! -s conftest.err
configure:19641: $? = 0
configure:19644: test -s conftest
configure:19647: $? = 0
configure:19659: result: yes
configure:19673: checking for exit
configure:19730: gcc -o conftest -g -O2   conftest.c  >&5
conftest.c:59:6: warning: conflicting types for built-in function 'exit' [enabled by default]
 char exit ();
      ^
configure:19736: $? = 0
configure:19739: test -z 			 || test ! -s conftest.err
configure:19742: $? = 0
configure:19745: test -s conftest
configure:19748: $? = 0
configure:19760: result: yes
configure:19774: checking for signal
configure:19831: gcc -o conftest -g -O2   conftest.c  >&5
configure:19837: $? = 0
configure:19840: test -z 			 || test ! -s conftest.err
configure:19843: $? = 0
configure:19846: test -s conftest
configure:19849: $? = 0
configure:19861: result: yes
configure:19875: checking for printf
configure:19932: gcc -o conftest -g -O2   conftest.c  >&5
conftest.c:61:6: warning: conflicting types for built-in function 'printf' [enabled by default]
 char printf ();
      ^
configure:19938: $? = 0
configure:19941: test -z 			 || test ! -s conftest.err
configure:19944: $? = 0
configure:19947: test -s conftest
configure:19950: $? = 0
configure:19962: result: yes
configure:19976: checking for fprintf
configure:20033: gcc -o conftest -g -O2   conftest.c  >&5
conftest.c:62:6: warning: conflicting types for built-in function 'fprintf' [enabled by default]
 char fprintf ();
      ^
configure:20039: $? = 0
configure:20042: test -z 			 || test ! -s conftest.err
configure:20045: $? = 0
configure:20048: test -s conftest
configure:20051: $? = 0
configure:20063: result: yes
configure:20077: checking for snprintf
configure:20134: gcc -o conftest -g -O2   conftest.c  >&5
conftest.c:63:6: warning: conflicting types for built-in function 'snprintf' [enabled by default]
 char snprintf ();
      ^
configure:20140: $? = 0
configure:20143: test -z 			 || test ! -s conftest.err
configure:20146: $? = 0
configure:20149: test -s conftest
configure:20152: $? = 0
configure:20164: result: yes
configure:20178: checking for vsnprintf
configure:20235: gcc -o conftest -g -O2   conftest.c  >&5
conftest.c:64:6: warning: conflicting types for built-in function 'vsnprintf' [enabled by default]
 char vsnprintf ();
      ^
configure:20241: $? = 0
configure:20244: test -z 			 || test ! -s conftest.err
configure:20247: $? = 0
configure:20250: test -s conftest
configure:20253: $? = 0
configure:20265: result: yes
configure:20289: checking assert.h usability
configure:20301: gcc -c -g -O2  conftest.c >&5
configure:20307: $? = 0
configure:20310: test -z 			 || test ! -s conftest.err
configure:20313: $? = 0
configure:20316: test -s conftest.o
configure:20319: $? = 0
configure:20329: result: yes
configure:20333: checking assert.h presence
configure:20343: gcc -E  conftest.c
configure:20349: $? = 0
configure:20369: result: yes
configure:20404: checking for assert.h
configure:20411: result: yes
configure:20438: checking malloc.h usability
configure:20450: gcc -c -g -O2  conftest.c >&5
configure:20456: $? = 0
configure:20459: test -z 			 || test ! -s conftest.err
configure:20462: $? = 0
configure:20465: test -s conftest.o
configure:20468: $? = 0
configure:20478: result: yes
configure:20482: checking malloc.h presence
configure:20492: gcc -E  conftest.c
configure:20498: $? = 0
configure:20518: result: yes
configure:20553: checking for malloc.h
configure:20560: result: yes
configure:20587: checking setjmp.h usability
configure:20599: gcc -c -g -O2  conftest.c >&5
configure:20605: $? = 0
configure:20608: test -z 			 || test ! -s conftest.err
configure:20611: $? = 0
configure:20614: test -s conftest.o
configure:20617: $? = 0
configure:20627: result: yes
configure:20631: checking setjmp.h presence
configure:20641: gcc -E  conftest.c
configure:20647: $? = 0
configure:20667: result: yes
configure:20702: checking for setjmp.h
configure:20709: result: yes
configure:20736: checking stdarg.h usability
configure:20748: gcc -c -g -O2  conftest.c >&5
configure:20754: $? = 0
configure:20757: test -z 			 || test ! -s conftest.err
configure:20760: $? = 0
configure:20763: test -s conftest.o
configure:20766: $? = 0
configure:20776: result: yes
configure:20780: checking stdarg.h presence
configure:20790: gcc -E  conftest.c
configure:20796: $? = 0
configure:20816: result: yes
configure:20851: checking for stdarg.h
configure:20858: result: yes
configure:20885: checking stddef.h usability
configure:20897: gcc -c -g -O2  conftest.c >&5
configure:20903: $? = 0
configure:20906: test -z 			 || test ! -s conftest.err
configure:20909: $? = 0
configure:20912: test -s conftest.o
configure:20915: $? = 0
configure:20925: result: yes
configure:20929: checking stddef.h presence
configure:20939: gcc -E  conftest.c
configure:20945: $? = 0
configure:20965: result: yes
configure:21000: checking for stddef.h
configure:21007: result: yes
configure:21034: checking stdio.h usability
configure:21046: gcc -c -g -O2  conftest.c >&5
configure:21052: $? = 0
configure:21055: test -z 			 || test ! -s conftest.err
configure:21058: $? = 0
configure:21061: test -s conftest.o
configure:21064: $? = 0
configure:21074: result: yes
configure:21078: checking stdio.h presence
configure:21088: gcc -E  conftest.c
configure:21094: $? = 0
configure:21114: result: yes
configure:21149: checking for stdio.h
configure:21156: result: yes
configure:21174: checking for stdlib.h
configure:21179: result: yes
configure:21323: checking for string.h
configure:21328: result: yes
configure:21481: checking signal.h usability
configure:21493: gcc -c -g -O2  conftest.c >&5
configure:21499: $? = 0
configure:21502: test -z 			 || test ! -s conftest.err
configure:21505: $? = 0
configure:21508: test -s conftest.o
configure:21511: $? = 0
configure:21521: result: yes
configure:21525: checking signal.h presence
configure:21535: gcc -E  conftest.c
configure:21541: $? = 0
configure:21561: result: yes
configure:21596: checking for signal.h
configure:21603: result: yes
configure:21619: checking whether the compiler implements namespaces
configure:21649: g++ -c -g -O2  conftest.cc >&5
configure:21655: $? = 0
configure:21658: test -z 			 || test ! -s conftest.err
configure:21661: $? = 0
configure:21664: test -s conftest.o
configure:21667: $? = 0
configure:21684: result: yes
configure:21693: checking what namespace STL code is in
configure:21723: g++ -c -g -O2  conftest.cc >&5
conftest.cc: In function 'int main()':
conftest.cc:55:1: error: 'vector' was not declared in this scope
 vector<int> t; return 0;
 ^
conftest.cc:55:1: note: suggested alternative:
In file included from /usr/include/c++/4.8.2/vector:64:0,
                 from conftest.cc:51:
/usr/include/c++/4.8.2/bits/stl_vector.h:210:11: note:   'std::vector'
     class vector : protected _Vector_base<_Tp, _Alloc>
           ^
conftest.cc:55:8: error: expected primary-expression before 'int'
 vector<int> t; return 0;
        ^
conftest.cc:55:8: error: expected ';' before 'int'
configure:21729: $? = 1
configure: failed program was:
| /* confdefs.h.  */
| 
| #define PACKAGE_NAME "cmockery"
| #define PACKAGE_TARNAME "cmockery"
| #define PACKAGE_VERSION "0.11"
| #define PACKAGE_STRING "cmockery 0.11"
| #define PACKAGE_BUGREPORT "opensource@google.com"
| #define PACKAGE "cmockery"
| #define VERSION "0.11"
| #ifdef __cplusplus
| extern "C" void exit (int) throw ();
| #endif
| #define STDC_HEADERS 1
| #define HAVE_SYS_TYPES_H 1
| #define HAVE_SYS_STAT_H 1
| #define HAVE_STDLIB_H 1
| #define HAVE_STRING_H 1
| #define HAVE_MEMORY_H 1
| #define HAVE_STRINGS_H 1
| #define HAVE_INTTYPES_H 1
| #define HAVE_STDINT_H 1
| #define HAVE_UNISTD_H 1
| #define HAVE_DLFCN_H 1
| #define STDC_HEADERS 1
| #define HAVE_SETJMP 1
| #define HAVE_LONGJMP 1
| #define HAVE_STRCMP 1
| #define HAVE_STRCPY 1
| #define HAVE_MEMCPY 1
| #define HAVE_MEMSET 1
| #define HAVE_MALLOC 1
| #define HAVE_CALLOC 1
| #define HAVE_FREE 1
| #define HAVE_EXIT 1
| #define HAVE_SIGNAL 1
| #define HAVE_PRINTF 1
| #define HAVE_FPRINTF 1
| #define HAVE_SNPRINTF 1
| #define HAVE_VSNPRINTF 1
| #define HAVE_ASSERT_H 1
| #define HAVE_MALLOC_H 1
| #define HAVE_SETJMP_H 1
| #define HAVE_STDARG_H 1
| #define HAVE_STDDEF_H 1
| #define HAVE_STDIO_H 1
| #define HAVE_STDLIB_H 1
| #define HAVE_STRING_H 1
| #define HAVE_SIGNAL_H 1
| #define HAVE_NAMESPACES 1
| /* end confdefs.h.  */
| #include <vector>
| int
| main ()
| {
| vector<int> t; return 0;
|   ;
|   return 0;
| }
configure:21766: g++ -c -g -O2  conftest.cc >&5
configure:21772: $? = 0
configure:21775: test -z 			 || test ! -s conftest.err
configure:21778: $? = 0
configure:21781: test -s conftest.o
configure:21784: $? = 0
configure:21800: result: std
configure:21983: creating ./config.status

## ---------------------- ##
## Running config.status. ##
## ---------------------- ##

This file was extended by cmockery config.status 0.11, which was
generated by GNU Autoconf 2.59.  Invocation command line was

  CONFIG_FILES    = 
  CONFIG_HEADERS  = 
  CONFIG_LINKS    = 
  CONFIG_COMMANDS = 
  $ ./config.status 

on chan

config.status:756: creating Makefile
config.status:822: creating src/config.h
config.status:1188: executing depfiles commands

## ---------------- ##
## Cache variables. ##
## ---------------- ##

ac_cv_build=x86_64-unknown-linux-gnu
ac_cv_build_alias=x86_64-unknown-linux-gnu
ac_cv_c_compiler_gnu=yes
ac_cv_cxx_compiler_gnu=yes
ac_cv_cxx_namespaces=yes
ac_cv_cxx_stl_namespace=std
ac_cv_env_CC_set=
ac_cv_env_CC_value=
ac_cv_env_CFLAGS_set=
ac_cv_env_CFLAGS_value=
ac_cv_env_CPPFLAGS_set=
ac_cv_env_CPPFLAGS_value=
ac_cv_env_CPP_set=
ac_cv_env_CPP_value=
ac_cv_env_CXXCPP_set=
ac_cv_env_CXXCPP_value=
ac_cv_env_CXXFLAGS_set=
ac_cv_env_CXXFLAGS_value=
ac_cv_env_CXX_set=
ac_cv_env_CXX_value=
ac_cv_env_F77_set=
ac_cv_env_F77_value=
ac_cv_env_FFLAGS_set=
ac_cv_env_FFLAGS_value=
ac_cv_env_LDFLAGS_set=
ac_cv_env_LDFLAGS_value=
ac_cv_env_build_alias_set=
ac_cv_env_build_alias_value=
ac_cv_env_host_alias_set=
ac_cv_env_host_alias_value=
ac_cv_env_target_alias_set=
ac_cv_env_target_alias_value=
ac_cv_exeext=
ac_cv_f77_compiler_gnu=no
ac_cv_func_calloc=yes
ac_cv_func_exit=yes
ac_cv_func_fprintf=yes
ac_cv_func_free=yes
ac_cv_func_longjmp=yes
ac_cv_func_malloc=yes
ac_cv_func_memcpy=yes
ac_cv_func_memset=yes
ac_cv_func_printf=yes
ac_cv_func_setjmp=yes
ac_cv_func_signal=yes
ac_cv_func_snprintf=yes
ac_cv_func_strcmp=yes
ac_cv_func_strcpy=yes
ac_cv_func_vsnprintf=yes
ac_cv_header_assert_h=yes
ac_cv_header_dlfcn_h=yes
ac_cv_header_inttypes_h=yes
ac_cv_header_malloc_h=yes
ac_cv_header_memory_h=yes
ac_cv_header_setjmp_h=yes
ac_cv_header_signal_h=yes
ac_cv_header_stdarg_h=yes
ac_cv_header_stdc=yes
ac_cv_header_stddef_h=yes
ac_cv_header_stdint_h=yes
ac_cv_header_stdio_h=yes
ac_cv_header_stdlib_h=yes
ac_cv_header_string_h=yes
ac_cv_header_strings_h=yes
ac_cv_header_sys_stat_h=yes
ac_cv_header_sys_types_h=yes
ac_cv_header_unistd_h=yes
ac_cv_host=x86_64-unknown-linux-gnu
ac_cv_host_alias=x86_64-unknown-linux-gnu
ac_cv_objext=o
ac_cv_path_install='/usr/bin/install -c'
ac_cv_prog_AWK=gawk
ac_cv_prog_CPP='gcc -E'
ac_cv_prog_CXXCPP='g++ -E'
ac_cv_prog_ac_ct_AR=ar
ac_cv_prog_ac_ct_CC=gcc
ac_cv_prog_ac_ct_CXX=g++
ac_cv_prog_ac_ct_RANLIB=ranlib
ac_cv_prog_ac_ct_STRIP=strip
ac_cv_prog_cc_g=yes
ac_cv_prog_cc_stdc=
ac_cv_prog_cxx_g=yes
ac_cv_prog_egrep='grep -E'
ac_cv_prog_f77_g=no
ac_cv_prog_make_make_set=yes
am_cv_CC_dependencies_compiler_type=gcc3
am_cv_CXX_dependencies_compiler_type=gcc3
lt_cv_deplibs_check_method=pass_all
lt_cv_file_magic_cmd='$MAGIC_CMD'
lt_cv_file_magic_test_file=
lt_cv_ld_reload_flag=-r
lt_cv_objdir=.libs
lt_cv_path_LD=/usr/bin/ld
lt_cv_path_LDCXX='/usr/bin/ld -m elf_x86_64'
lt_cv_path_NM='/usr/bin/nm -B'
lt_cv_path_SED=/usr/bin/sed
lt_cv_prog_compiler_c_o=yes
lt_cv_prog_compiler_c_o_CXX=yes
lt_cv_prog_compiler_rtti_exceptions=no
lt_cv_prog_gnu_ld=yes
lt_cv_prog_gnu_ldcxx=yes
lt_cv_sys_global_symbol_pipe='sed -n -e '\''s/^.*[ 	]\([ABCDGIRSTW][ABCDGIRSTW]*\)[ 	][ 	]*\([_A-Za-z][_A-Za-z0-9]*\)$/\1 \2 \2/p'\'''
lt_cv_sys_global_symbol_to_c_name_address='sed -n -e '\''s/^: \([^ ]*\) $/  {\"\1\", (lt_ptr) 0},/p'\'' -e '\''s/^[BCDEGRST] \([^ ]*\) \([^ ]*\)$/  {"\2", (lt_ptr) \&\2},/p'\'''
lt_cv_sys_global_symbol_to_cdecl='sed -n -e '\''s/^. .* \(.*\)$/extern int \1;/p'\'''
lt_cv_sys_max_cmd_len=32768
lt_lt_cv_prog_compiler_c_o='"yes"'
lt_lt_cv_prog_compiler_c_o_CXX='"yes"'
lt_lt_cv_sys_global_symbol_pipe='"sed -n -e '\''s/^.*[ 	]\\([ABCDGIRSTW][ABCDGIRSTW]*\\)[ 	][ 	]*\\([_A-Za-z][_A-Za-z0-9]*\\)\$/\\1 \\2 \\2/p'\''"'
lt_lt_cv_sys_global_symbol_to_c_name_address='"sed -n -e '\''s/^: \\([^ ]*\\) \$/  {\\\"\\1\\\", (lt_ptr) 0},/p'\'' -e '\''s/^[BCDEGRST] \\([^ ]*\\) \\([^ ]*\\)\$/  {\"\\2\", (lt_ptr) \\&\\2},/p'\''"'
lt_lt_cv_sys_global_symbol_to_cdecl='"sed -n -e '\''s/^. .* \\(.*\\)\$/extern int \\1;/p'\''"'

## ----------------- ##
## Output variables. ##
## ----------------- ##

ACLOCAL='${SHELL} /usr/chan/LinuxCode/cmockery-master/missing --run aclocal-1.9'
AMDEPBACKSLASH='\'
AMDEP_FALSE='#'
AMDEP_TRUE=''
AMTAR='${SHELL} /usr/chan/LinuxCode/cmockery-master/missing --run tar'
AR='ar'
AUTOCONF='${SHELL} /usr/chan/LinuxCode/cmockery-master/missing --run autoconf'
AUTOHEADER='${SHELL} /usr/chan/LinuxCode/cmockery-master/missing --run autoheader'
AUTOMAKE='${SHELL} /usr/chan/LinuxCode/cmockery-master/missing --run automake-1.9'
AWK='gawk'
CC='gcc'
CCDEPMODE='depmode=gcc3'
CFLAGS='-g -O2'
CPP='gcc -E'
CPPFLAGS=''
CXX='g++'
CXXCPP='g++ -E'
CXXDEPMODE='depmode=gcc3'
CXXFLAGS='-g -O2'
CYGPATH_W='echo'
DEFS='-DHAVE_CONFIG_H'
DEPDIR='.deps'
ECHO='echo'
ECHO_C=''
ECHO_N='-n'
ECHO_T=''
EGREP='grep -E'
EXEEXT=''
F77=''
FFLAGS=''
GCC_FALSE='#'
GCC_TRUE=''
INSTALL_DATA='${INSTALL} -m 644'
INSTALL_PROGRAM='${INSTALL}'
INSTALL_SCRIPT='${INSTALL}'
INSTALL_STRIP_PROGRAM='${SHELL} $(install_sh) -c -s'
LDFLAGS=''
LIBOBJS=''
LIBS=''
LIBTOOL='$(SHELL) $(top_builddir)/libtool'
LIBTOOL_DEPS='./ltmain.sh'
LN_S='ln -s'
LTLIBOBJS=''
MAKEINFO='${SHELL} /usr/chan/LinuxCode/cmockery-master/missing --run makeinfo'
OBJEXT='o'
PACKAGE='cmockery'
PACKAGE_BUGREPORT='opensource@google.com'
PACKAGE_NAME='cmockery'
PACKAGE_STRING='cmockery 0.11'
PACKAGE_TARNAME='cmockery'
PACKAGE_VERSION='0.11'
PATH_SEPARATOR=':'
RANLIB='ranlib'
SET_MAKE=''
SHELL='/bin/sh'
STRIP='strip'
VERSION='0.11'
ac_ct_AR='ar'
ac_ct_CC='gcc'
ac_ct_CXX='g++'
ac_ct_F77=''
ac_ct_RANLIB='ranlib'
ac_ct_STRIP='strip'
am__fastdepCC_FALSE='#'
am__fastdepCC_TRUE=''
am__fastdepCXX_FALSE='#'
am__fastdepCXX_TRUE=''
am__include='include'
am__leading_dot='.'
am__quote=''
am__tar='${AMTAR} chof - "$$tardir"'
am__untar='${AMTAR} xf -'
bindir='${exec_prefix}/bin'
build='x86_64-unknown-linux-gnu'
build_alias=''
build_cpu='x86_64'
build_os='linux-gnu'
build_vendor='unknown'
datadir='${prefix}/share'
exec_prefix='${prefix}'
host='x86_64-unknown-linux-gnu'
host_alias=''
host_cpu='x86_64'
host_os='linux-gnu'
host_vendor='unknown'
includedir='${prefix}/include'
infodir='${prefix}/info'
install_sh='/usr/chan/LinuxCode/cmockery-master/install-sh'
libdir='${exec_prefix}/lib'
libexecdir='${exec_prefix}/libexec'
localstatedir='${prefix}/var'
mandir='${prefix}/man'
mkdir_p='mkdir -p --'
oldincludedir='/usr/include'
prefix='/usr/local'
program_transform_name='s,x,x,'
sbindir='${exec_prefix}/sbin'
sharedstatedir='${prefix}/com'
sysconfdir='${prefix}/etc'
target_alias=''

## ----------- ##
## confdefs.h. ##
## ----------- ##

#define GOOGLE_NAMESPACE ::google
#define HAVE_ASSERT_H 1
#define HAVE_CALLOC 1
#define HAVE_DLFCN_H 1
#define HAVE_EXIT 1
#define HAVE_FPRINTF 1
#define HAVE_FREE 1
#define HAVE_INTTYPES_H 1
#define HAVE_LONGJMP 1
#define HAVE_MALLOC 1
#define HAVE_MALLOC_H 1
#define HAVE_MEMCPY 1
#define HAVE_MEMORY_H 1
#define HAVE_MEMSET 1
#define HAVE_NAMESPACES 1
#define HAVE_PRINTF 1
#define HAVE_SETJMP 1
#define HAVE_SETJMP_H 1
#define HAVE_SIGNAL 1
#define HAVE_SIGNAL_H 1
#define HAVE_SNPRINTF 1
#define HAVE_STDARG_H 1
#define HAVE_STDDEF_H 1
#define HAVE_STDINT_H 1
#define HAVE_STDIO_H 1
#define HAVE_STDLIB_H 1
#define HAVE_STDLIB_H 1
#define HAVE_STRCMP 1
#define HAVE_STRCPY 1
#define HAVE_STRINGS_H 1
#define HAVE_STRING_H 1
#define HAVE_STRING_H 1
#define HAVE_SYS_STAT_H 1
#define HAVE_SYS_TYPES_H 1
#define HAVE_UNISTD_H 1
#define HAVE_VSNPRINTF 1
#define PACKAGE "cmockery"
#define PACKAGE_BUGREPORT "opensource@google.com"
#define PACKAGE_NAME "cmockery"
#define PACKAGE_STRING "cmockery 0.11"
#define PACKAGE_TARNAME "cmockery"
#define PACKAGE_VERSION "0.11"
#define STDC_HEADERS 1
#define STDC_HEADERS 1
#define STL_NAMESPACE std
#define VERSION "0.11"
#define _END_GOOGLE_NAMESPACE_ }
#define _START_GOOGLE_NAMESPACE_ namespace google {
#endif
#ifdef __cplusplus
extern "C" void exit (int) throw ();

configure: exit 0
